<?xml version="1.0" encoding="UTF-8"?>
<testExecutions version="1">
  <file path="/home/mikhail/git/inctagram/test/e2e/auth.e2e-spec.ts">
  </file>
</testExecutions>